2017-07-25 21:38:42,686 - BrowserEngine - INFO - You had select Chrome browser.
2017-07-25 21:38:42,686 - BrowserEngine - INFO - The test server url is: http://bbm.ematong.com
2017-07-25 21:38:46,427 - BrowserEngine - INFO - Starting Chrome browser.
2017-07-25 21:38:49,931 - BrowserEngine - INFO - Open url: http://bbm.ematong.com
2017-07-25 21:38:51,088 - BrowserEngine - INFO - Maximize the current window.
2017-07-25 21:38:51,091 - BrowserEngine - INFO - Set implicitly wait 10 seconds.
2017-07-25 21:38:51,131 - BasePage - INFO - Had find the element '  ' successful by id via value: user2 
2017-07-25 21:38:51,194 - BasePage - INFO - Had type ' htest ' in inputBox
2017-07-25 21:38:51,227 - BasePage - INFO - Had find the element '  ' successful by id via value: password2 
2017-07-25 21:38:51,289 - BasePage - INFO - Had type ' hy2017 ' in inputBox
2017-07-25 21:38:51,328 - BasePage - INFO - Had find the element '  ' successful by id via value: yzm2 
2017-07-25 21:38:51,390 - BasePage - INFO - Had type ' HY7102$ ' in inputBox
2017-07-25 21:38:51,424 - BasePage - INFO - Had find the element '  ' successful by id via value: submit2 
2017-07-25 21:38:51,461 - BasePage - INFO - The element  was clicked.
2017-07-25 21:38:54,345 - BasePage - INFO - Had find the element '  ' successful by xpath via value: /html/body/div/div[3]/div[1]/div[1]/div/div[2]/div[3]/a 
2017-07-25 21:38:59,539 - BasePage - INFO - The element  was clicked.
2017-07-25 21:39:03,197 - BasePage - INFO - The element ' 商品管理 ' was clicked.
2017-07-25 21:39:04,282 - BasePage - INFO - The element ' 自建商品 ' was clicked.
2017-07-25 21:39:04,312 - BasePage - INFO - Had find the element ' 17 ' successful by xpath via value: //*[@id='statusCount1'] 
2017-07-25 21:39:04,322 - BasePage - INFO - element_text(xpath=>//*[@id='statusCount1']) is 17
2017-07-25 21:39:04,338 - BasePage - INFO - Had find the element ' 17 ' successful by xpath via value: //*[@id='statusCount1'] 
2017-07-25 21:39:04,339 - BasePage - INFO - element_text(xpath=>//*[@id='statusCount1']) is 17
2017-07-25 21:39:04,369 - BasePage - INFO - Had find the element ' 0 ' successful by xpath via value: //*[@id='statusCount4'] 
2017-07-25 21:39:04,380 - BasePage - INFO - element_text(xpath=>//*[@id='statusCount4']) is 0
2017-07-25 21:39:04,427 - BasePage - INFO - Had find the element ' 0 ' successful by xpath via value: //*[@id='statusCount2'] 
2017-07-25 21:39:04,436 - BasePage - INFO - element_text(xpath=>//*[@id='statusCount2']) is 0
