2017-07-26 21:21:14,592 - BrowserEngine - INFO - You had select Chrome browser.
2017-07-26 21:21:14,592 - BrowserEngine - INFO - The test server url is: http://bmtest.ematong.com
2017-07-26 21:21:18,325 - BrowserEngine - INFO - Starting Chrome browser.
2017-07-26 21:21:19,088 - BrowserEngine - INFO - Open url: http://bmtest.ematong.com
2017-07-26 21:21:20,244 - BrowserEngine - INFO - Maximize the current window.
2017-07-26 21:21:20,247 - BrowserEngine - INFO - Set implicitly wait 10 seconds.
2017-07-26 21:21:20,282 - BasePage - INFO - Had find the element '  ' successful by id via value: user2 
2017-07-26 21:21:20,341 - BasePage - INFO - Had type ' htest ' in inputBox
2017-07-26 21:21:20,371 - BasePage - INFO - Had find the element '  ' successful by id via value: password2 
2017-07-26 21:21:20,428 - BasePage - INFO - Had type ' 123456 ' in inputBox
2017-07-26 21:21:20,459 - BasePage - INFO - Had find the element '  ' successful by id via value: yzm2 
2017-07-26 21:21:20,532 - BasePage - INFO - Had type ' HY7102$ ' in inputBox
2017-07-26 21:21:20,561 - BasePage - INFO - Had find the element '  ' successful by id via value: submit2 
2017-07-26 21:21:20,598 - BasePage - INFO - The element  was clicked.
2017-07-26 21:21:22,973 - BasePage - INFO - Had take screenshot and save to folder : /screenshots
2017-07-26 21:21:24,012 - BasePage - INFO - Had find the element '  ' successful by xpath via value: /html/body/div/div[3]/div[1]/div[1]/div/div[2]/div[3]/a 
2017-07-26 21:21:26,089 - BasePage - INFO - The element  was clicked.
2017-07-26 21:21:27,148 - BasePage - INFO - Had find the element ' 0 ' successful by id via value: y_order 
2017-07-26 21:21:27,158 - BasePage - INFO - element_text(id=>y_order) is 0
2017-07-26 21:21:27,206 - BasePage - INFO - Had find the element ' 0 ' successful by id via value: y_order 
2017-07-26 21:21:27,614 - BasePage - INFO - The element  was clicked.
