2017-07-26 21:55:32,006 - BrowserEngine - INFO - You had select Chrome browser.
2017-07-26 21:55:32,006 - BrowserEngine - INFO - The test server url is: http://bmtest.ematong.com
2017-07-26 21:55:35,665 - BrowserEngine - INFO - Starting Chrome browser.
2017-07-26 21:55:36,443 - BrowserEngine - INFO - Open url: http://bmtest.ematong.com
2017-07-26 21:55:37,595 - BrowserEngine - INFO - Maximize the current window.
2017-07-26 21:55:37,596 - BrowserEngine - INFO - Set implicitly wait 10 seconds.
2017-07-26 21:55:37,640 - BasePage - INFO - Had find the element '  ' successful by id via value: user2 
2017-07-26 21:55:37,694 - BasePage - INFO - Had type ' htest ' in inputBox
2017-07-26 21:55:37,724 - BasePage - INFO - Had find the element '  ' successful by id via value: password2 
2017-07-26 21:55:37,796 - BasePage - INFO - Had type ' 123456 ' in inputBox
2017-07-26 21:55:37,838 - BasePage - INFO - Had find the element '  ' successful by id via value: yzm2 
2017-07-26 21:55:37,898 - BasePage - INFO - Had type ' HY7102$ ' in inputBox
2017-07-26 21:55:37,931 - BasePage - INFO - Had find the element '  ' successful by id via value: submit2 
2017-07-26 21:55:37,976 - BasePage - INFO - The element  was clicked.
2017-07-26 21:55:39,979 - BasePage - INFO - Had take screenshot and save to folder : /screenshots
2017-07-26 21:55:41,023 - BasePage - INFO - Had find the element '  ' successful by xpath via value: /html/body/div/div[3]/div[1]/div[1]/div/div[2]/div[3]/a 
2017-07-26 21:55:43,049 - BasePage - INFO - The element  was clicked.
2017-07-26 21:55:44,095 - BasePage - INFO - Had find the element ' 0 ' successful by id via value: y_order 
2017-07-26 21:55:44,111 - BasePage - INFO - element_text(id=>y_order) is 0
2017-07-26 21:55:44,168 - BasePage - INFO - Had find the element ' 0 ' successful by id via value: y_amount 
2017-07-26 21:55:44,184 - BasePage - INFO - element_text(id=>y_amount) is 0
2017-07-26 21:55:44,230 - BasePage - INFO - Had find the element ' 12 ' successful by id via value: y_nosend 
2017-07-26 21:55:44,240 - BasePage - INFO - element_text(id=>y_nosend) is 12
2017-07-26 21:55:44,319 - BasePage - INFO - Had find the element ' 0 ' successful by id via value: y_wait 
2017-07-26 21:55:44,332 - BasePage - INFO - element_text(id=>y_wait) is 0
2017-07-26 21:55:44,392 - BasePage - INFO - Had find the element ' 2 ' successful by id via value: y_refund 
2017-07-26 21:55:44,403 - BasePage - INFO - element_text(id=>y_refund) is 2
2017-07-26 21:55:44,434 - BasePage - INFO - Had find the element ' 0 ' successful by id via value: y_order 
2017-07-26 21:55:44,983 - BasePage - INFO - The element  was clicked.
2017-07-26 21:55:47,296 - BasePage - INFO - The element  was clicked.
2017-07-26 21:55:48,381 - BasePage - INFO - The element  was clicked.
2017-07-26 21:55:48,469 - BasePage - INFO - Had find the element ' 昨天
近一周
近一月
自定义时间 ' successful by id via value: timeFlag 
2017-07-26 21:55:48,536 - BasePage - INFO - Had type ' 近一周 ' in inputBox
2017-07-26 21:55:50,581 - BasePage - INFO - Had find the element ' 昨天
近一周
近一月
自定义时间 ' successful by id via value: timeFlag 
2017-07-26 21:55:50,611 - BasePage - INFO - Had type ' 近一月 ' in inputBox
2017-07-26 21:55:52,651 - BasePage - INFO - Had find the element ' 昨天
近一周
近一月
自定义时间 ' successful by id via value: timeFlag 
2017-07-26 21:55:52,693 - BasePage - INFO - Had type ' 昨天 ' in inputBox
2017-07-26 21:55:54,730 - BasePage - INFO - Had find the element ' 昨天
近一周
近一月
自定义时间 ' successful by id via value: timeFlag 
2017-07-26 21:55:54,759 - BasePage - INFO - Had type ' 自定义时间 ' in inputBox
2017-07-26 21:55:56,819 - BasePage - INFO - Had find the element '  ' successful by id via value: startTime 
2017-07-26 21:55:56,933 - BasePage - INFO - Had type ' 2017-07-20 ' in inputBox
2017-07-26 21:55:56,967 - BasePage - INFO - Had find the element '  ' successful by id via value: endTime 
2017-07-26 21:55:57,049 - BasePage - INFO - Had type ' 2017-07-25 ' in inputBox
2017-07-26 21:55:58,117 - BasePage - INFO - Had find the element ' 查询 ' successful by xpath via value: //*[@id='queryForm']/div[1]/a 
2017-07-26 21:55:58,180 - BasePage - INFO - The element  was clicked.
