2017-07-27 20:42:18,252 - BrowserEngine - INFO - You had select Chrome browser.
2017-07-27 20:42:18,252 - BrowserEngine - INFO - The test server url is: http://bmtest.ematong.com
2017-07-27 20:42:21,907 - BrowserEngine - INFO - Starting Chrome browser.
2017-07-27 20:42:22,657 - BrowserEngine - INFO - Open url: http://bmtest.ematong.com
2017-07-27 20:42:23,839 - BrowserEngine - INFO - Maximize the current window.
2017-07-27 20:42:23,842 - BrowserEngine - INFO - Set implicitly wait 10 seconds.
2017-07-27 20:42:23,888 - BasePage - INFO - Had find the element '  ' successful by id via value: user2 
2017-07-27 20:42:23,957 - BasePage - INFO - Had type ' htest ' in inputBox
2017-07-27 20:42:23,987 - BasePage - INFO - Had find the element '  ' successful by id via value: password2 
2017-07-27 20:42:24,046 - BasePage - INFO - Had type ' 123456 ' in inputBox
2017-07-27 20:42:24,081 - BasePage - INFO - Had find the element '  ' successful by id via value: yzm2 
2017-07-27 20:42:24,145 - BasePage - INFO - Had type ' HY7102$ ' in inputBox
2017-07-27 20:42:24,171 - BasePage - INFO - Had find the element '  ' successful by id via value: submit2 
2017-07-27 20:42:24,209 - BasePage - INFO - The element  was clicked.
2017-07-27 20:42:26,257 - BasePage - INFO - Had find the element '  ' successful by xpath via value: /html/body/div/div[3]/div[1]/div[1]/div/div[2]/div[3]/a 
2017-07-27 20:42:28,153 - BasePage - INFO - The element  was clicked.
2017-07-27 20:42:30,434 - BasePage - INFO - The element ' 分类管理 ' was clicked.
2017-07-27 20:42:32,467 - BasePage - INFO - Had find the element '  ' successful by xpath via value: //*[@id='saveForm']/table/tbody[1]/tr[1]/td[1]/img[1] 
2017-07-27 20:42:32,503 - BasePage - INFO - The element  was clicked.
2017-07-27 20:42:32,542 - BasePage - INFO - Had find the element '  ' successful by xpath via value: //*[@id='saveForm']/table/tbody[2]/tr[1]/td[1]/img[1] 
2017-07-27 20:42:32,595 - BasePage - INFO - The element  was clicked.
2017-07-27 20:42:32,638 - BasePage - INFO - Had find the element '  ' successful by xpath via value: //*[@id='saveForm']/table/tbody[3]/tr[1]/td[1]/img[1] 
2017-07-27 20:42:32,661 - BasePage - INFO - The element  was clicked.
