2017-07-25 21:49:47,677 - BrowserEngine - INFO - You had select Chrome browser.
2017-07-25 21:49:47,677 - BrowserEngine - INFO - The test server url is: http://bbm.ematong.com
2017-07-25 21:49:51,410 - BrowserEngine - INFO - Starting Chrome browser.
2017-07-25 21:49:54,898 - BrowserEngine - INFO - Open url: http://bbm.ematong.com
2017-07-25 21:49:56,038 - BrowserEngine - INFO - Maximize the current window.
2017-07-25 21:49:56,039 - BrowserEngine - INFO - Set implicitly wait 10 seconds.
2017-07-25 21:49:56,081 - BasePage - INFO - Had find the element '  ' successful by id via value: user2 
2017-07-25 21:49:56,138 - BasePage - INFO - Had type ' htest ' in inputBox
2017-07-25 21:49:56,177 - BasePage - INFO - Had find the element '  ' successful by id via value: password2 
2017-07-25 21:49:56,239 - BasePage - INFO - Had type ' hy2017 ' in inputBox
2017-07-25 21:49:56,283 - BasePage - INFO - Had find the element '  ' successful by id via value: yzm2 
2017-07-25 21:49:56,338 - BasePage - INFO - Had type ' HY7102$ ' in inputBox
2017-07-25 21:49:56,380 - BasePage - INFO - Had find the element '  ' successful by id via value: submit2 
2017-07-25 21:49:56,414 - BasePage - INFO - The element  was clicked.
2017-07-25 21:50:01,938 - BasePage - INFO - Had find the element '  ' successful by xpath via value: /html/body/div/div[3]/div[1]/div[1]/div/div[2]/div[3]/a 
2017-07-25 21:50:04,739 - BasePage - INFO - The element  was clicked.
2017-07-25 21:50:07,914 - BasePage - INFO - The element ' 商品管理 ' was clicked.
2017-07-25 21:50:08,966 - BasePage - INFO - The element ' 自建商品 ' was clicked.
2017-07-25 21:50:09,003 - BasePage - INFO - Had find the element ' 5 ' successful by xpath via value: //*[@id='statusCount0'] 
2017-07-25 21:50:09,009 - BasePage - INFO - element_text(xpath=>//*[@id='statusCount0']) is 5
2017-07-25 21:50:09,045 - BasePage - INFO - Had find the element ' 17 ' successful by xpath via value: //*[@id='statusCount1'] 
2017-07-25 21:50:09,055 - BasePage - INFO - element_text(xpath=>//*[@id='statusCount1']) is 17
2017-07-25 21:50:09,085 - BasePage - INFO - Had find the element ' 0 ' successful by xpath via value: //*[@id='statusCount4'] 
2017-07-25 21:50:09,095 - BasePage - INFO - element_text(xpath=>//*[@id='statusCount4']) is 0
2017-07-25 21:50:09,135 - BasePage - INFO - Had find the element ' 0 ' successful by xpath via value: //*[@id='statusCount2'] 
2017-07-25 21:50:09,142 - BasePage - INFO - element_text(xpath=>//*[@id='statusCount2']) is 0
