2017-07-04 22:31:06,703 - BrowserEngine - INFO - You had select Chrome browser.
2017-07-04 22:31:06,703 - BrowserEngine - INFO - The test server url is: https://bmtest.ematong.com
2017-07-04 22:31:10,427 - BrowserEngine - INFO - Starting Chrome browser.
2017-07-04 22:31:11,184 - BrowserEngine - INFO - Open url: https://bmtest.ematong.com
2017-07-04 22:31:12,349 - BrowserEngine - INFO - Maximize the current window.
2017-07-04 22:31:12,351 - BrowserEngine - INFO - Set implicitly wait 10 seconds.
2017-07-04 22:31:12,391 - BasePage - INFO - Had find the element '  ' successful by id via value: user2 
2017-07-04 22:31:12,443 - BasePage - INFO - Had type ' htest ' in inputBox
2017-07-04 22:31:12,479 - BasePage - INFO - Had find the element '  ' successful by id via value: password2 
2017-07-04 22:31:12,538 - BasePage - INFO - Had type ' 123456 ' in inputBox
2017-07-04 22:31:12,569 - BasePage - INFO - Had find the element '  ' successful by id via value: submit2 
2017-07-04 22:31:12,614 - BasePage - INFO - The element  was clicked.
2017-07-04 22:31:14,644 - BasePage - INFO - Had find the element '  ' successful by xpath via value: /html/body/div/div[3]/div[1]/div[1]/div/div[2]/div[3]/a 
2017-07-04 22:31:16,575 - BasePage - INFO - The element  was clicked.
2017-07-04 22:31:18,641 - BasePage - INFO - The element ' 页面管理 ' was clicked.
2017-07-04 22:31:20,168 - BasePage - INFO - The element ' 列表展示 ' was clicked.
2017-07-04 22:31:21,526 - BasePage - INFO - Had find the element '  ' successful by id via value: c1 
2017-07-04 22:31:21,555 - BasePage - INFO - The element  was clicked.
2017-07-04 22:31:21,598 - BasePage - INFO - Had find the element '  ' successful by id via value: c3 
2017-07-04 22:31:21,631 - BasePage - INFO - The element  was clicked.
2017-07-04 22:31:21,653 - BasePage - INFO - Had find the element '  ' successful by id via value: r5 
2017-07-04 22:31:21,687 - BasePage - INFO - The element  was clicked.
2017-07-04 22:31:45,095 - BrowserEngine - INFO - You had select Chrome browser.
2017-07-04 22:31:45,095 - BrowserEngine - INFO - The test server url is: https://bmtest.ematong.com
2017-07-04 22:31:48,805 - BrowserEngine - INFO - Starting Chrome browser.
2017-07-04 22:31:49,640 - BrowserEngine - INFO - Open url: https://bmtest.ematong.com
2017-07-04 22:31:50,812 - BrowserEngine - INFO - Maximize the current window.
2017-07-04 22:31:50,815 - BrowserEngine - INFO - Set implicitly wait 10 seconds.
2017-07-04 22:31:50,857 - BasePage - INFO - Had find the element '  ' successful by id via value: user2 
2017-07-04 22:31:50,914 - BasePage - INFO - Had type ' htest ' in inputBox
2017-07-04 22:31:50,944 - BasePage - INFO - Had find the element '  ' successful by id via value: password2 
2017-07-04 22:31:51,003 - BasePage - INFO - Had type ' 123456 ' in inputBox
2017-07-04 22:31:51,039 - BasePage - INFO - Had find the element '  ' successful by id via value: submit2 
2017-07-04 22:31:51,076 - BasePage - INFO - The element  was clicked.
2017-07-04 22:31:56,130 - BasePage - INFO - Had find the element '  ' successful by xpath via value: /html/body/div/div[3]/div[1]/div[1]/div/div[2]/div[3]/a 
2017-07-04 22:31:59,951 - BasePage - INFO - The element  was clicked.
2017-07-04 22:32:02,045 - BasePage - INFO - The element ' 页面管理 ' was clicked.
2017-07-04 22:32:03,539 - BasePage - INFO - The element ' 列表展示 ' was clicked.
2017-07-04 22:32:04,980 - BasePage - INFO - Had find the element '  ' successful by id via value: c1 
2017-07-04 22:32:05,026 - BasePage - INFO - The element  was clicked.
2017-07-04 22:32:05,062 - BasePage - INFO - Had find the element '  ' successful by id via value: c3 
2017-07-04 22:32:05,088 - BasePage - INFO - The element  was clicked.
2017-07-04 22:32:05,115 - BasePage - INFO - Had find the element '  ' successful by id via value: r5 
2017-07-04 22:32:05,145 - BasePage - INFO - The element  was clicked.
