2017-07-04 22:49:56,374 - BrowserEngine - INFO - You had select Chrome browser.
2017-07-04 22:49:56,374 - BrowserEngine - INFO - The test server url is: https://bmtest.ematong.com
2017-07-04 22:50:00,141 - BrowserEngine - INFO - Starting Chrome browser.
2017-07-04 22:50:00,868 - BrowserEngine - INFO - Open url: https://bmtest.ematong.com
2017-07-04 22:50:02,010 - BrowserEngine - INFO - Maximize the current window.
2017-07-04 22:50:02,016 - BrowserEngine - INFO - Set implicitly wait 10 seconds.
2017-07-04 22:50:02,069 - BasePage - INFO - Had find the element '  ' successful by id via value: user2 
2017-07-04 22:50:02,125 - BasePage - INFO - Had type ' htest ' in inputBox
2017-07-04 22:50:02,161 - BasePage - INFO - Had find the element '  ' successful by id via value: password2 
2017-07-04 22:50:02,219 - BasePage - INFO - Had type ' 123456 ' in inputBox
2017-07-04 22:50:02,247 - BasePage - INFO - Had find the element '  ' successful by id via value: submit2 
2017-07-04 22:50:02,299 - BasePage - INFO - The element  was clicked.
2017-07-04 22:50:04,329 - BasePage - INFO - Had find the element '  ' successful by xpath via value: /html/body/div/div[3]/div[1]/div[1]/div/div[2]/div[3]/a 
2017-07-04 22:50:06,293 - BasePage - INFO - The element  was clicked.
2017-07-04 22:50:08,312 - BasePage - INFO - The element ' 页面管理 ' was clicked.
2017-07-04 22:50:09,836 - BasePage - INFO - The element ' 列表展示 ' was clicked.
2017-07-04 22:50:11,545 - BasePage - INFO - The element ' 加载页 ' was clicked.
2017-07-04 22:50:12,607 - BasePage - INFO - Had find the element '  ' successful by xpath via value: //*[@id='tloadForm']/div[4]/div/div[2]/table/tbody/tr[1]/td[2]/label[2]/input 
2017-07-04 22:50:12,638 - BasePage - INFO - The element  was clicked.
2017-07-04 22:50:12,686 - BasePage - INFO - Had find the element '  ' successful by xpath via value: //*[@id='tloadForm']/div[4]/div/div[2]/table/tbody/tr[1]/td[2]/label[1]/input 
2017-07-04 22:50:12,717 - BasePage - INFO - The element  was clicked.
2017-07-04 22:50:13,801 - BasePage - INFO - Had find the element ' 开启 ' successful by id via value: openAndColesBtn 
2017-07-04 22:50:13,844 - BasePage - INFO - The element  was clicked.
2017-07-04 22:50:16,904 - BasePage - INFO - Had find the element ' 关闭 ' successful by id via value: openAndColesBtn 
2017-07-04 22:50:16,937 - BasePage - INFO - The element  was clicked.
2017-07-04 22:50:16,973 - BasePage - INFO - Had find the element ' 保存 ' successful by xpath via value: //*[@id='tloadForm']/div[4]/div/div[2]/p/button 
2017-07-04 22:50:17,000 - BasePage - INFO - The element  was clicked.
