2017-07-05 23:17:22,325 - BrowserEngine - INFO - You had select Chrome browser.
2017-07-05 23:17:22,325 - BrowserEngine - INFO - The test server url is: https://bmtest.ematong.com
2017-07-05 23:17:26,053 - BrowserEngine - INFO - Starting Chrome browser.
2017-07-05 23:17:26,842 - BrowserEngine - INFO - Open url: https://bmtest.ematong.com
2017-07-05 23:17:28,010 - BrowserEngine - INFO - Maximize the current window.
2017-07-05 23:17:28,013 - BrowserEngine - INFO - Set implicitly wait 10 seconds.
2017-07-05 23:17:28,059 - BasePage - INFO - Had find the element '  ' successful by id via value: user2 
2017-07-05 23:17:28,125 - BasePage - INFO - Had type ' htest ' in inputBox
2017-07-05 23:17:28,158 - BasePage - INFO - Had find the element '  ' successful by id via value: password2 
2017-07-05 23:17:28,216 - BasePage - INFO - Had type ' 123456 ' in inputBox
2017-07-05 23:17:28,255 - BasePage - INFO - Had find the element '  ' successful by id via value: submit2 
2017-07-05 23:17:28,298 - BasePage - INFO - The element  was clicked.
2017-07-05 23:17:30,329 - BasePage - INFO - Had find the element '  ' successful by xpath via value: /html/body/div/div[3]/div[1]/div[1]/div/div[2]/div[3]/a 
2017-07-05 23:17:32,414 - BasePage - INFO - The element  was clicked.
2017-07-05 23:17:33,874 - BasePage - INFO - The element ' 基础设置 ' was clicked.
2017-07-05 23:17:34,907 - BasePage - INFO - Had find the element '  ' successful by xpath via value: //*[@id='refundSettingForm']/table/tbody/tr/td[2]/table/tbody/tr[1]/td[1]/label[2]/input 
2017-07-05 23:17:34,927 - BasePage - INFO - The element  was clicked.
2017-07-05 23:17:35,996 - BasePage - INFO - Had find the element '  ' successful by xpath via value: //*[@id='refundSettingForm']/table/tbody/tr/td[2]/table/tbody/tr[1]/td[1]/label[1]/input 
2017-07-05 23:17:36,055 - BasePage - INFO - The element  was clicked.
2017-07-05 23:17:36,092 - BasePage - INFO - Had find the element '  ' successful by xpath via value: //*[@id='refundSettingForm']/table/tbody/tr/td[2]/table/tbody/tr[1]/td[2]/label[2]/input 
2017-07-05 23:17:36,122 - BasePage - INFO - The element  was clicked.
2017-07-05 23:17:37,197 - BasePage - INFO - Had find the element '  ' successful by xpath via value: //*[@id='refundSettingForm']/table/tbody/tr/td[2]/table/tbody/tr[1]/td[2]/label[1]/input 
2017-07-05 23:17:37,237 - BasePage - INFO - The element  was clicked.
2017-07-05 23:17:37,272 - BasePage - INFO - Had find the element '  ' successful by xpath via value: //*[@id='refundSettingForm']/table/tbody/tr/td[2]/table/tbody/tr[1]/td[3]/label[2]/input 
2017-07-05 23:17:37,299 - BasePage - INFO - The element  was clicked.
2017-07-05 23:17:39,371 - BasePage - INFO - Had find the element '  ' successful by xpath via value: //*[@id='refundSettingForm']/table/tbody/tr/td[2]/table/tbody/tr[1]/td[3]/label[1]/input 
2017-07-05 23:17:39,414 - BasePage - INFO - The element  was clicked.
2017-07-05 23:17:39,444 - BasePage - INFO - Had find the element ' 4 ' successful by xpath via value: //*[@name='finishDay']/option[4] 
2017-07-05 23:17:39,470 - BasePage - INFO - The element  was clicked.
2017-07-05 23:17:39,545 - BasePage - INFO - Had type ' selenium001 ' in inputBox
2017-07-05 23:17:39,575 - BasePage - INFO - Had find the element ' 保存退款申请时效设置 ' successful by id via value: saveButton 
2017-07-05 23:17:39,608 - BasePage - INFO - The element  was clicked.
2017-07-05 23:17:41,651 - BasePage - INFO - Had find the element '  ' successful by xpath via value: //*[@id='limitedType1']/input[1] 
2017-07-05 23:17:41,697 - BasePage - INFO - Had type ' 1 ' in inputBox
2017-07-05 23:17:41,727 - BasePage - INFO - Had find the element '  ' successful by xpath via value: //*[@id='limitedType1']/input[2] 
2017-07-05 23:17:41,776 - BasePage - INFO - Had type ' 2 ' in inputBox
2017-07-05 23:17:41,803 - BasePage - INFO - Had find the element '  ' successful by xpath via value: //*[@id='limitedType1']/input[3] 
2017-07-05 23:17:41,848 - BasePage - INFO - Had type ' 3 ' in inputBox
2017-07-05 23:17:41,878 - BasePage - INFO - Had find the element ' 保存付款时间设置 ' successful by id via value: limitedType1-save 
2017-07-05 23:17:41,910 - BasePage - INFO - The element  was clicked.
2017-07-05 23:17:43,970 - BasePage - INFO - Had find the element '  ' successful by xpath via value: //*[@id='limitedType2']/input[1] 
2017-07-05 23:17:44,020 - BasePage - INFO - Had type ' 4 ' in inputBox
2017-07-05 23:17:44,046 - BasePage - INFO - Had find the element '  ' successful by xpath via value: //*[@id='limitedType2']/input[2] 
2017-07-05 23:17:44,094 - BasePage - INFO - Had type ' 5 ' in inputBox
2017-07-05 23:17:44,121 - BasePage - INFO - Had find the element ' 保存收货时间设置 ' successful by id via value: limitedType2-save 
2017-07-05 23:17:44,144 - BasePage - INFO - The element  was clicked.
