2017-07-25 22:00:59,405 - BrowserEngine - INFO - You had select Chrome browser.
2017-07-25 22:00:59,405 - BrowserEngine - INFO - The test server url is: http://bbm.ematong.com
2017-07-25 22:01:03,224 - BrowserEngine - INFO - Starting Chrome browser.
2017-07-25 22:01:06,661 - BrowserEngine - INFO - Open url: http://bbm.ematong.com
2017-07-25 22:01:07,835 - BrowserEngine - INFO - Maximize the current window.
2017-07-25 22:01:07,838 - BrowserEngine - INFO - Set implicitly wait 10 seconds.
2017-07-25 22:01:07,884 - BasePage - INFO - Had find the element '  ' successful by id via value: user2 
2017-07-25 22:01:07,947 - BasePage - INFO - Had type ' htest ' in inputBox
2017-07-25 22:01:07,980 - BasePage - INFO - Had find the element '  ' successful by id via value: password2 
2017-07-25 22:01:08,039 - BasePage - INFO - Had type ' hy2017 ' in inputBox
2017-07-25 22:01:08,072 - BasePage - INFO - Had find the element '  ' successful by id via value: yzm2 
2017-07-25 22:01:08,134 - BasePage - INFO - Had type ' HY7102$ ' in inputBox
2017-07-25 22:01:08,163 - BasePage - INFO - Had find the element '  ' successful by id via value: submit2 
2017-07-25 22:01:08,204 - BasePage - INFO - The element  was clicked.
2017-07-25 22:01:13,755 - BasePage - INFO - Had find the element '  ' successful by xpath via value: /html/body/div/div[3]/div[1]/div[1]/div/div[2]/div[3]/a 
2017-07-25 22:01:17,976 - BasePage - INFO - The element  was clicked.
2017-07-25 22:01:21,145 - BasePage - INFO - The element ' 商品管理 ' was clicked.
2017-07-25 22:01:22,194 - BasePage - INFO - The element ' 自建商品 ' was clicked.
2017-07-25 22:01:23,226 - BasePage - INFO - Had find the element ' 5 ' successful by xpath via value: //*[@id='statusCount0'] 
2017-07-25 22:01:23,226 - BasePage - INFO - element_text(xpath=>//*[@id='statusCount0']) is 5
2017-07-25 22:01:23,266 - BasePage - INFO - Had find the element ' 17 ' successful by xpath via value: //*[@id='statusCount1'] 
2017-07-25 22:01:23,276 - BasePage - INFO - element_text(xpath=>//*[@id='statusCount1']) is 17
2017-07-25 22:01:23,306 - BasePage - INFO - Had find the element ' 0 ' successful by xpath via value: //*[@id='statusCount4'] 
2017-07-25 22:01:23,316 - BasePage - INFO - element_text(xpath=>//*[@id='statusCount4']) is 0
2017-07-25 22:01:23,357 - BasePage - INFO - Had find the element ' 0 ' successful by xpath via value: //*[@id='statusCount2'] 
2017-07-25 22:01:23,357 - BasePage - INFO - element_text(xpath=>//*[@id='statusCount2']) is 0
