2017-07-27 20:44:35,532 - BrowserEngine - INFO - You had select Chrome browser.
2017-07-27 20:44:35,532 - BrowserEngine - INFO - The test server url is: http://bmtest.ematong.com
2017-07-27 20:44:39,266 - BrowserEngine - INFO - Starting Chrome browser.
2017-07-27 20:44:40,039 - BrowserEngine - INFO - Open url: http://bmtest.ematong.com
2017-07-27 20:44:41,210 - BrowserEngine - INFO - Maximize the current window.
2017-07-27 20:44:41,210 - BrowserEngine - INFO - Set implicitly wait 10 seconds.
2017-07-27 20:44:41,252 - BasePage - INFO - Had find the element '  ' successful by id via value: user2 
2017-07-27 20:44:41,305 - BasePage - INFO - Had type ' htest ' in inputBox
2017-07-27 20:44:41,342 - BasePage - INFO - Had find the element '  ' successful by id via value: password2 
2017-07-27 20:44:41,407 - BasePage - INFO - Had type ' 123456 ' in inputBox
2017-07-27 20:44:41,440 - BasePage - INFO - Had find the element '  ' successful by id via value: yzm2 
2017-07-27 20:44:41,506 - BasePage - INFO - Had type ' HY7102$ ' in inputBox
2017-07-27 20:44:41,542 - BasePage - INFO - Had find the element '  ' successful by id via value: submit2 
2017-07-27 20:44:41,582 - BasePage - INFO - The element  was clicked.
2017-07-27 20:44:43,628 - BasePage - INFO - Had find the element '  ' successful by xpath via value: /html/body/div/div[3]/div[1]/div[1]/div/div[2]/div[3]/a 
2017-07-27 20:44:45,575 - BasePage - INFO - The element  was clicked.
2017-07-27 20:44:47,851 - BasePage - INFO - The element ' 分类管理 ' was clicked.
2017-07-27 20:44:49,884 - BasePage - INFO - Had find the element '  ' successful by xpath via value: //*[@id='saveForm']/table/tbody[1]/tr[1]/td[1]/img[1] 
2017-07-27 20:44:49,918 - BasePage - INFO - The element  was clicked.
2017-07-27 20:44:49,959 - BasePage - INFO - Had find the element '  ' successful by xpath via value: //*[@id='saveForm']/table/tbody[2]/tr[1]/td[1]/img[1] 
