2017-07-08 10:59:19,940 - BrowserEngine - INFO - You had select Chrome browser.
2017-07-08 10:59:19,940 - BrowserEngine - INFO - The test server url is: https://bmtest.ematong.com
2017-07-08 10:59:23,601 - BrowserEngine - INFO - Starting Chrome browser.
2017-07-08 10:59:24,391 - BrowserEngine - INFO - Open url: https://bmtest.ematong.com
2017-07-08 10:59:25,540 - BrowserEngine - INFO - Maximize the current window.
2017-07-08 10:59:25,543 - BrowserEngine - INFO - Set implicitly wait 10 seconds.
2017-07-08 10:59:25,596 - BasePage - INFO - Had find the element '  ' successful by id via value: user2 
2017-07-08 10:59:25,670 - BasePage - INFO - Had type ' htest ' in inputBox
2017-07-08 10:59:25,704 - BasePage - INFO - Had find the element '  ' successful by id via value: password2 
2017-07-08 10:59:25,773 - BasePage - INFO - Had type ' 123456 ' in inputBox
2017-07-08 10:59:25,808 - BasePage - INFO - Had find the element '  ' successful by id via value: submit2 
2017-07-08 10:59:25,845 - BasePage - INFO - The element  was clicked.
2017-07-08 10:59:27,907 - BasePage - INFO - Had find the element '  ' successful by xpath via value: /html/body/div/div[3]/div[1]/div[1]/div/div[2]/div[3]/a 
2017-07-08 10:59:30,039 - BasePage - INFO - The element  was clicked.
2017-07-08 10:59:31,128 - BasePage - INFO - The element ' 属性模板 ' was clicked.
2017-07-08 10:59:32,658 - BasePage - INFO - The element ' 模板列表 ' was clicked.
2017-07-08 10:59:33,078 - BasePage - INFO - The element ' 添加模板 ' was clicked.
2017-07-08 10:59:33,118 - BasePage - INFO - Had find the element ' 服装 ' successful by xpath via value: /html/body/contextpath/div/div[3]/div[1]/div[5]/span[3] 
2017-07-08 10:59:33,148 - BasePage - INFO - The element  was clicked.
2017-07-08 10:59:33,177 - BasePage - INFO - Had find the element ' 食品 ' successful by xpath via value: /html/body/contextpath/div/div[3]/div[1]/div[5]/span[4] 
2017-07-08 10:59:33,229 - BasePage - INFO - The element  was clicked.
2017-07-08 10:59:33,263 - BasePage - INFO - Had find the element ' 珠宝 ' successful by xpath via value: /html/body/contextpath/div/div[3]/div[1]/div[5]/span[5] 
2017-07-08 10:59:33,298 - BasePage - INFO - The element  was clicked.
2017-07-08 10:59:33,335 - BasePage - INFO - Had find the element ' 美鞋 ' successful by xpath via value: /html/body/contextpath/div/div[3]/div[1]/div[5]/span[6] 
2017-07-08 10:59:33,355 - BasePage - INFO - The element  was clicked.
2017-07-08 10:59:33,403 - BasePage - INFO - Had find the element ' 化妆品 ' successful by xpath via value: /html/body/contextpath/div/div[3]/div[1]/div[5]/span[7] 
2017-07-08 10:59:33,428 - BasePage - INFO - The element  was clicked.
2017-07-08 10:59:33,469 - BasePage - INFO - Had find the element ' 自定义 ' successful by xpath via value: /html/body/contextpath/div/div[3]/div[1]/div[5]/span[2] 
2017-07-08 10:59:33,496 - BasePage - INFO - The element  was clicked.
2017-07-08 10:59:33,528 - BasePage - INFO - Had find the element ' 添加 ' successful by id via value: addmodeltemplate 
2017-07-08 10:59:33,565 - BasePage - INFO - The element  was clicked.
2017-07-08 10:59:33,640 - BasePage - INFO - Had type ' seleniumA ' in inputBox
2017-07-08 10:59:33,668 - BasePage - INFO - Had find the element '  ' successful by xpath via value: //*[@id='zdy']/form/table/tbody/tr/td[2]/input[1] 
2017-07-08 10:59:33,720 - BasePage - INFO - Had type ' AAA ' in inputBox
2017-07-08 10:59:33,749 - BasePage - INFO - Had find the element '  ' successful by xpath via value: //*[@id='zdy']/form/table/tbody/tr/td[2]/input[2] 
2017-07-08 10:59:33,802 - BasePage - INFO - Had type ' BBB ' in inputBox
2017-07-08 10:59:33,829 - BasePage - INFO - Had find the element '  ' successful by xpath via value: //*[@id='zdy']/form/table/tbody/tr/td[2]/input[3] 
2017-07-08 10:59:33,888 - BasePage - INFO - Had type ' CCC ' in inputBox
2017-07-08 10:59:34,177 - BasePage - INFO - The element ' 模板列表 ' was clicked.
2017-07-08 10:59:35,246 - BasePage - INFO - Had find the element ' 编辑 ' successful by xpath via value: //*[@id='contentDiv']/div[1]/div/a[1] 
2017-07-08 10:59:35,585 - BasePage - INFO - The element  was clicked.
2017-07-08 10:59:35,621 - BasePage - INFO - Had find the element '  ' successful by xpath via value: //*[@id='edit']/form/table/tbody/tr/td[2]/input[3] 
2017-07-08 10:59:35,641 - BasePage - INFO - Clear text in input box before typing.
2017-07-08 10:59:35,660 - BasePage - INFO - Had find the element '  ' successful by xpath via value: //*[@id='edit']/form/table/tbody/tr/td[2]/input[3] 
2017-07-08 10:59:35,707 - BasePage - INFO - Had type ' DEF ' in inputBox
