2017-07-25 21:51:40,561 - BrowserEngine - INFO - You had select Chrome browser.
2017-07-25 21:51:40,561 - BrowserEngine - INFO - The test server url is: http://bbm.ematong.com
2017-07-25 21:51:44,280 - BrowserEngine - INFO - Starting Chrome browser.
2017-07-25 21:51:47,739 - BrowserEngine - INFO - Open url: http://bbm.ematong.com
2017-07-25 21:51:48,907 - BrowserEngine - INFO - Maximize the current window.
2017-07-25 21:51:48,910 - BrowserEngine - INFO - Set implicitly wait 10 seconds.
2017-07-25 21:51:48,954 - BasePage - INFO - Had find the element '  ' successful by id via value: user2 
2017-07-25 21:51:49,019 - BasePage - INFO - Had type ' htest ' in inputBox
2017-07-25 21:51:49,052 - BasePage - INFO - Had find the element '  ' successful by id via value: password2 
2017-07-25 21:51:49,118 - BasePage - INFO - Had type ' hy2017 ' in inputBox
2017-07-25 21:51:49,151 - BasePage - INFO - Had find the element '  ' successful by id via value: yzm2 
2017-07-25 21:51:49,216 - BasePage - INFO - Had type ' HY7102$ ' in inputBox
2017-07-25 21:51:49,252 - BasePage - INFO - Had find the element '  ' successful by id via value: submit2 
2017-07-25 21:51:49,299 - BasePage - INFO - The element  was clicked.
2017-07-25 21:51:55,279 - BasePage - INFO - Had find the element '  ' successful by xpath via value: /html/body/div/div[3]/div[1]/div[1]/div/div[2]/div[3]/a 
2017-07-25 21:52:00,381 - BasePage - INFO - The element  was clicked.
2017-07-25 21:52:03,426 - BasePage - INFO - The element ' 商品管理 ' was clicked.
2017-07-25 21:52:04,486 - BasePage - INFO - The element ' 自建商品 ' was clicked.
2017-07-25 21:52:04,529 - BasePage - INFO - Had find the element ' 5 ' successful by xpath via value: //*[@id='statusCount0'] 
2017-07-25 21:52:04,536 - BasePage - INFO - element_text(xpath=>//*[@id='statusCount0']) is 5
2017-07-25 21:52:04,562 - BasePage - INFO - Had find the element ' 17 ' successful by xpath via value: //*[@id='statusCount1'] 
2017-07-25 21:52:04,572 - BasePage - INFO - element_text(xpath=>//*[@id='statusCount1']) is 17
2017-07-25 21:52:04,612 - BasePage - INFO - Had find the element ' 0 ' successful by xpath via value: //*[@id='statusCount4'] 
2017-07-25 21:52:04,618 - BasePage - INFO - element_text(xpath=>//*[@id='statusCount4']) is 0
2017-07-25 21:52:04,657 - BasePage - INFO - Had find the element ' 0 ' successful by xpath via value: //*[@id='statusCount2'] 
2017-07-25 21:52:04,664 - BasePage - INFO - element_text(xpath=>//*[@id='statusCount2']) is 0
