2017-07-04 22:30:14,213 - BrowserEngine - INFO - You had select Chrome browser.
2017-07-04 22:30:14,229 - BrowserEngine - INFO - The test server url is: https://bmtest.ematong.com
2017-07-04 22:30:17,891 - BrowserEngine - INFO - Starting Chrome browser.
2017-07-04 22:30:18,775 - BrowserEngine - INFO - Open url: https://bmtest.ematong.com
2017-07-04 22:30:19,953 - BrowserEngine - INFO - Maximize the current window.
2017-07-04 22:30:19,957 - BrowserEngine - INFO - Set implicitly wait 10 seconds.
2017-07-04 22:30:19,994 - BasePage - INFO - Had find the element '  ' successful by id via value: user2 
2017-07-04 22:30:20,052 - BasePage - INFO - Had type ' htest ' in inputBox
2017-07-04 22:30:20,082 - BasePage - INFO - Had find the element '  ' successful by id via value: password2 
2017-07-04 22:30:20,148 - BasePage - INFO - Had type ' 123456 ' in inputBox
2017-07-04 22:30:20,183 - BasePage - INFO - Had find the element '  ' successful by id via value: submit2 
2017-07-04 22:30:20,217 - BasePage - INFO - The element  was clicked.
2017-07-04 22:30:22,250 - BasePage - INFO - Had find the element '  ' successful by xpath via value: /html/body/div/div[3]/div[1]/div[1]/div/div[2]/div[3]/a 
2017-07-04 22:30:24,165 - BasePage - INFO - The element  was clicked.
2017-07-04 22:30:26,405 - BasePage - INFO - The element ' 页面管理 ' was clicked.
2017-07-04 22:30:27,898 - BasePage - INFO - The element ' 列表展示 ' was clicked.
2017-07-04 22:30:29,253 - BasePage - INFO - Had find the element '  ' successful by id via value: c3 
2017-07-04 22:30:29,282 - BasePage - INFO - The element  was clicked.
2017-07-04 22:30:29,313 - BasePage - INFO - Had find the element '  ' successful by id via value: r5 
2017-07-04 22:30:29,344 - BasePage - INFO - The element  was clicked.
