2017-07-25 21:36:38,171 - BrowserEngine - INFO - You had select Chrome browser.
2017-07-25 21:36:38,171 - BrowserEngine - INFO - The test server url is: http://bbm.ematong.com
2017-07-25 21:36:41,880 - BrowserEngine - INFO - Starting Chrome browser.
2017-07-25 21:36:46,216 - BrowserEngine - INFO - Open url: http://bbm.ematong.com
2017-07-25 21:36:47,371 - BrowserEngine - INFO - Maximize the current window.
2017-07-25 21:36:47,377 - BrowserEngine - INFO - Set implicitly wait 10 seconds.
2017-07-25 21:36:47,418 - BasePage - INFO - Had find the element '  ' successful by id via value: user2 
2017-07-25 21:36:47,482 - BasePage - INFO - Had type ' htest ' in inputBox
2017-07-25 21:36:47,512 - BasePage - INFO - Had find the element '  ' successful by id via value: password2 
2017-07-25 21:36:47,578 - BasePage - INFO - Had type ' hy2017 ' in inputBox
2017-07-25 21:36:47,618 - BasePage - INFO - Had find the element '  ' successful by id via value: yzm2 
2017-07-25 21:36:47,671 - BasePage - INFO - Had type ' HY7102$ ' in inputBox
2017-07-25 21:36:47,711 - BasePage - INFO - Had find the element '  ' successful by id via value: submit2 
2017-07-25 21:36:47,756 - BasePage - INFO - The element  was clicked.
2017-07-25 21:36:53,459 - BasePage - INFO - Had find the element '  ' successful by xpath via value: /html/body/div/div[3]/div[1]/div[1]/div/div[2]/div[3]/a 
2017-07-25 21:36:58,075 - BasePage - INFO - The element  was clicked.
2017-07-25 21:36:59,174 - BasePage - INFO - The element ' 商品管理 ' was clicked.
2017-07-25 21:37:01,838 - BasePage - INFO - The element ' 自建商品 ' was clicked.
2017-07-25 21:37:01,869 - BasePage - INFO - Had find the element ' 0 ' successful by xpath via value: //*[@id='statusCount1'] 
2017-07-25 21:37:01,878 - BasePage - INFO - element_text(xpath=>//*[@id='statusCount1']) is 0
2017-07-25 21:37:01,898 - BasePage - INFO - Had find the element ' 0 ' successful by xpath via value: //*[@id='statusCount1'] 
2017-07-25 21:37:01,904 - BasePage - INFO - element_text(xpath=>//*[@id='statusCount1']) is 0
2017-07-25 21:37:01,927 - BasePage - INFO - Had find the element ' 0 ' successful by xpath via value: //*[@id='statusCount4'] 
2017-07-25 21:37:01,940 - BasePage - INFO - element_text(xpath=>//*[@id='statusCount4']) is 0
2017-07-25 21:37:02,032 - BasePage - INFO - Had find the element ' 0 ' successful by xpath via value: //*[@id='statusCount2'] 
2017-07-25 21:37:02,049 - BasePage - INFO - element_text(xpath=>//*[@id='statusCount2']) is 0
