2017-07-25 22:05:00,190 - BrowserEngine - INFO - You had select Chrome browser.
2017-07-25 22:05:00,190 - BrowserEngine - INFO - The test server url is: http://bbm.ematong.com
2017-07-25 22:05:03,901 - BrowserEngine - INFO - Starting Chrome browser.
2017-07-25 22:05:04,803 - BrowserEngine - INFO - Open url: http://bbm.ematong.com
2017-07-25 22:05:05,987 - BrowserEngine - INFO - Maximize the current window.
2017-07-25 22:05:05,990 - BrowserEngine - INFO - Set implicitly wait 10 seconds.
2017-07-25 22:05:06,032 - BasePage - INFO - Had find the element '  ' successful by id via value: user2 
2017-07-25 22:05:06,092 - BasePage - INFO - Had type ' htest ' in inputBox
2017-07-25 22:05:06,131 - BasePage - INFO - Had find the element '  ' successful by id via value: password2 
2017-07-25 22:05:06,180 - BasePage - INFO - Had type ' hy2017 ' in inputBox
2017-07-25 22:05:06,219 - BasePage - INFO - Had find the element '  ' successful by id via value: yzm2 
2017-07-25 22:05:06,289 - BasePage - INFO - Had type ' HY7102$ ' in inputBox
2017-07-25 22:05:06,321 - BasePage - INFO - Had find the element '  ' successful by id via value: submit2 
2017-07-25 22:05:06,365 - BasePage - INFO - The element  was clicked.
2017-07-25 22:05:12,098 - BasePage - INFO - Had find the element '  ' successful by xpath via value: /html/body/div/div[3]/div[1]/div[1]/div/div[2]/div[3]/a 
2017-07-25 22:05:14,049 - BasePage - INFO - The element  was clicked.
2017-07-25 22:05:17,292 - BasePage - INFO - The element ' 商品管理 ' was clicked.
2017-07-25 22:05:18,341 - BasePage - INFO - The element ' 自建商品 ' was clicked.
2017-07-25 22:05:19,403 - BasePage - INFO - Had find the element ' 5 ' successful by xpath via value: //*[@id='statusCount0'] 
2017-07-25 22:05:19,413 - BasePage - INFO - element_text(xpath=>//*[@id='statusCount0']) is 5
2017-07-25 22:05:19,453 - BasePage - INFO - Had find the element ' 17 ' successful by xpath via value: //*[@id='statusCount1'] 
2017-07-25 22:05:19,463 - BasePage - INFO - element_text(xpath=>//*[@id='statusCount1']) is 17
2017-07-25 22:05:19,503 - BasePage - INFO - Had find the element ' 0 ' successful by xpath via value: //*[@id='statusCount4'] 
2017-07-25 22:05:19,503 - BasePage - INFO - element_text(xpath=>//*[@id='statusCount4']) is 0
2017-07-25 22:05:19,542 - BasePage - INFO - Had find the element ' 0 ' successful by xpath via value: //*[@id='statusCount2'] 
2017-07-25 22:05:19,552 - BasePage - INFO - element_text(xpath=>//*[@id='statusCount2']) is 0
