2017-07-04 22:18:14,871 - BrowserEngine - INFO - You had select Chrome browser.
2017-07-04 22:18:14,871 - BrowserEngine - INFO - The test server url is: https://bmtest.ematong.com
2017-07-04 22:18:18,572 - BrowserEngine - INFO - Starting Chrome browser.
2017-07-04 22:18:19,358 - BrowserEngine - INFO - Open url: https://bmtest.ematong.com
2017-07-04 22:18:20,523 - BrowserEngine - INFO - Maximize the current window.
2017-07-04 22:18:20,529 - BrowserEngine - INFO - Set implicitly wait 10 seconds.
2017-07-04 22:18:20,579 - BasePage - INFO - Had find the element '  ' successful by id via value: user2 
2017-07-04 22:18:20,647 - BasePage - INFO - Had type ' htest ' in inputBox
2017-07-04 22:18:20,683 - BasePage - INFO - Had find the element '  ' successful by id via value: password2 
2017-07-04 22:18:20,756 - BasePage - INFO - Had type ' 123456 ' in inputBox
2017-07-04 22:18:20,786 - BasePage - INFO - Had find the element '  ' successful by id via value: submit2 
2017-07-04 22:18:20,832 - BasePage - INFO - The element  was clicked.
2017-07-04 22:18:22,911 - BasePage - INFO - Had find the element '  ' successful by xpath via value: /html/body/div/div[3]/div[1]/div[1]/div/div[2]/div[3]/a 
2017-07-04 22:18:24,871 - BasePage - INFO - The element  was clicked.
2017-07-04 22:18:26,992 - BasePage - INFO - The element ' 页面管理 ' was clicked.
2017-07-04 22:18:28,568 - BasePage - INFO - The element ' 列表展示 ' was clicked.
2017-07-04 22:18:29,875 - BasePage - INFO - Had find the element '  ' successful by id via value: c1 
2017-07-04 22:18:29,904 - BasePage - INFO - The element  was clicked.
2017-07-04 22:18:29,950 - BasePage - INFO - Had find the element '  ' successful by id via value: c3 
2017-07-04 22:18:29,983 - BasePage - INFO - The element  was clicked.
2017-07-04 22:18:30,010 - BasePage - INFO - Had find the element '  ' successful by id via value: r5 
2017-07-04 22:18:30,045 - BasePage - INFO - The element  was clicked.
