2017-07-25 21:52:34,520 - BrowserEngine - INFO - You had select Chrome browser.
2017-07-25 21:52:34,520 - BrowserEngine - INFO - The test server url is: http://bbm.ematong.com
2017-07-25 21:52:38,230 - BrowserEngine - INFO - Starting Chrome browser.
2017-07-25 21:52:41,746 - BrowserEngine - INFO - Open url: http://bbm.ematong.com
2017-07-25 21:52:42,924 - BrowserEngine - INFO - Maximize the current window.
2017-07-25 21:52:42,927 - BrowserEngine - INFO - Set implicitly wait 10 seconds.
2017-07-25 21:52:42,971 - BasePage - INFO - Had find the element '  ' successful by id via value: user2 
2017-07-25 21:52:43,032 - BasePage - INFO - Had type ' htest ' in inputBox
2017-07-25 21:52:43,068 - BasePage - INFO - Had find the element '  ' successful by id via value: password2 
2017-07-25 21:52:43,125 - BasePage - INFO - Had type ' hy2017 ' in inputBox
2017-07-25 21:52:43,161 - BasePage - INFO - Had find the element '  ' successful by id via value: yzm2 
2017-07-25 21:52:43,217 - BasePage - INFO - Had type ' HY7102$ ' in inputBox
2017-07-25 21:52:43,250 - BasePage - INFO - Had find the element '  ' successful by id via value: submit2 
2017-07-25 21:52:43,286 - BasePage - INFO - The element  was clicked.
2017-07-25 21:52:49,134 - BasePage - INFO - Had find the element '  ' successful by xpath via value: /html/body/div/div[3]/div[1]/div[1]/div/div[2]/div[3]/a 
2017-07-25 21:52:54,355 - BasePage - INFO - The element  was clicked.
2017-07-25 21:52:55,460 - BasePage - INFO - The element ' 商品管理 ' was clicked.
2017-07-25 21:52:57,881 - BasePage - INFO - The element ' 自建商品 ' was clicked.
2017-07-25 21:52:57,907 - BasePage - INFO - Had find the element ' 0 ' successful by xpath via value: //*[@id='statusCount0'] 
2017-07-25 21:52:57,914 - BasePage - INFO - element_text(xpath=>//*[@id='statusCount0']) is 0
2017-07-25 21:52:57,950 - BasePage - INFO - Had find the element ' 0 ' successful by xpath via value: //*[@id='statusCount1'] 
2017-07-25 21:52:57,950 - BasePage - INFO - element_text(xpath=>//*[@id='statusCount1']) is 0
2017-07-25 21:52:58,029 - BasePage - INFO - Had find the element ' 0 ' successful by xpath via value: //*[@id='statusCount4'] 
2017-07-25 21:52:58,040 - BasePage - INFO - element_text(xpath=>//*[@id='statusCount4']) is 0
2017-07-25 21:52:58,084 - BasePage - INFO - Had find the element ' 0 ' successful by xpath via value: //*[@id='statusCount2'] 
2017-07-25 21:52:58,095 - BasePage - INFO - element_text(xpath=>//*[@id='statusCount2']) is 0
