2017-07-04 23:06:06,819 - BrowserEngine - INFO - You had select Chrome browser.
2017-07-04 23:06:06,819 - BrowserEngine - INFO - The test server url is: https://bmtest.ematong.com
2017-07-04 23:06:10,546 - BrowserEngine - INFO - Starting Chrome browser.
2017-07-04 23:06:11,309 - BrowserEngine - INFO - Open url: https://bmtest.ematong.com
2017-07-04 23:06:12,483 - BrowserEngine - INFO - Maximize the current window.
2017-07-04 23:06:12,486 - BrowserEngine - INFO - Set implicitly wait 10 seconds.
2017-07-04 23:06:12,532 - BasePage - INFO - Had find the element '  ' successful by id via value: user2 
2017-07-04 23:06:12,589 - BasePage - INFO - Had type ' htest ' in inputBox
2017-07-04 23:06:12,624 - BasePage - INFO - Had find the element '  ' successful by id via value: password2 
2017-07-04 23:06:12,687 - BasePage - INFO - Had type ' 123456 ' in inputBox
2017-07-04 23:06:12,723 - BasePage - INFO - Had find the element '  ' successful by id via value: submit2 
2017-07-04 23:06:12,763 - BasePage - INFO - The element  was clicked.
2017-07-04 23:06:14,795 - BasePage - INFO - Had find the element '  ' successful by xpath via value: /html/body/div/div[3]/div[1]/div[1]/div/div[2]/div[3]/a 
2017-07-04 23:06:16,762 - BasePage - INFO - The element  was clicked.
2017-07-04 23:06:17,880 - BasePage - INFO - The element ' 页面管理 ' was clicked.
2017-07-04 23:06:19,519 - BasePage - INFO - The element ' 列表展示 ' was clicked.
2017-07-04 23:06:20,619 - BasePage - INFO - The element ' 商品详情页 ' was clicked.
2017-07-04 23:06:20,940 - BasePage - INFO - Had find the element '  ' successful by xpath via value: //*[@id='goodDetailFrom']/table/tbody/tr/td[2]/div/p/label/input 
2017-07-04 23:06:20,977 - BasePage - INFO - The element  was clicked.
2017-07-04 23:06:22,045 - BasePage - INFO - Had find the element '  ' successful by xpath via value: //*[@id='goodDetailFrom']/table/tbody/tr/td[1]/div/p/label/input 
2017-07-04 23:06:22,095 - BasePage - INFO - The element  was clicked.
2017-07-04 23:06:23,160 - BasePage - INFO - Had find the element ' 保存 ' successful by xpath via value: //*[@id='submitBtn'] 
2017-07-04 23:06:23,196 - BasePage - INFO - The element  was clicked.
