2017-07-04 22:56:37,605 - BrowserEngine - INFO - You had select Chrome browser.
2017-07-04 22:56:37,605 - BrowserEngine - INFO - The test server url is: https://bmtest.ematong.com
2017-07-04 22:56:41,322 - BrowserEngine - INFO - Starting Chrome browser.
2017-07-04 22:56:42,108 - BrowserEngine - INFO - Open url: https://bmtest.ematong.com
2017-07-04 22:56:43,368 - BrowserEngine - INFO - Maximize the current window.
2017-07-04 22:56:43,371 - BrowserEngine - INFO - Set implicitly wait 10 seconds.
2017-07-04 22:56:43,411 - BasePage - INFO - Had find the element '  ' successful by id via value: user2 
2017-07-04 22:56:43,476 - BasePage - INFO - Had type ' htest ' in inputBox
2017-07-04 22:56:43,503 - BasePage - INFO - Had find the element '  ' successful by id via value: password2 
2017-07-04 22:56:43,569 - BasePage - INFO - Had type ' 123456 ' in inputBox
2017-07-04 22:56:43,604 - BasePage - INFO - Had find the element '  ' successful by id via value: submit2 
2017-07-04 22:56:43,638 - BasePage - INFO - The element  was clicked.
2017-07-04 22:56:45,686 - BasePage - INFO - Had find the element '  ' successful by xpath via value: /html/body/div/div[3]/div[1]/div[1]/div/div[2]/div[3]/a 
2017-07-04 22:56:48,206 - BasePage - INFO - The element  was clicked.
2017-07-04 22:56:50,352 - BasePage - INFO - The element ' 页面管理 ' was clicked.
2017-07-04 22:56:51,918 - BasePage - INFO - The element ' 列表展示 ' was clicked.
2017-07-04 22:56:53,565 - BasePage - INFO - The element ' 加载页 ' was clicked.
2017-07-04 22:56:54,617 - BasePage - INFO - Had find the element '  ' successful by xpath via value: //*[@id='tloadForm']/div[4]/div/div[2]/table/tbody/tr[1]/td[2]/label[2]/input 
2017-07-04 22:56:54,647 - BasePage - INFO - The element  was clicked.
2017-07-04 22:56:54,688 - BasePage - INFO - Had find the element '  ' successful by xpath via value: //*[@id='tloadForm']/div[4]/div/div[2]/table/tbody/tr[1]/td[2]/label[1]/input 
2017-07-04 22:56:54,717 - BasePage - INFO - The element  was clicked.
2017-07-04 22:56:55,782 - BasePage - INFO - Had find the element ' 关闭 ' successful by id via value: openAndColesBtn 
2017-07-04 22:56:55,832 - BasePage - INFO - The element  was clicked.
2017-07-04 22:56:58,903 - BasePage - INFO - Had find the element ' 开启 ' successful by id via value: openAndColesBtn 
2017-07-04 22:56:58,934 - BasePage - INFO - The element  was clicked.
2017-07-04 22:56:58,967 - BasePage - INFO - Had find the element ' 保存 ' successful by xpath via value: //*[@id='tloadForm']/div[4]/div/div[2]/p/button 
2017-07-04 22:56:58,999 - BasePage - INFO - The element  was clicked.
