2017-07-04 21:30:05,007 - BrowserEngine - INFO - You had select Chrome browser.
2017-07-04 21:30:05,007 - BrowserEngine - INFO - The test server url is: https://bmtest.ematong.com
2017-07-04 21:30:08,846 - BrowserEngine - INFO - Starting Chrome browser.
2017-07-04 21:30:09,618 - BrowserEngine - INFO - Open url: https://bmtest.ematong.com
2017-07-04 21:30:10,763 - BrowserEngine - INFO - Maximize the current window.
2017-07-04 21:30:10,765 - BrowserEngine - INFO - Set implicitly wait 10 seconds.
2017-07-04 21:30:10,805 - BasePage - INFO - Had find the element '  ' successful by id via value: user2 
2017-07-04 21:30:10,865 - BasePage - INFO - Had type ' htest ' in inputBox
2017-07-04 21:30:10,894 - BasePage - INFO - Had find the element '  ' successful by id via value: password2 
2017-07-04 21:30:10,953 - BasePage - INFO - Had type ' 123456 ' in inputBox
2017-07-04 21:30:10,994 - BasePage - INFO - Had find the element '  ' successful by id via value: submit2 
2017-07-04 21:30:11,028 - BasePage - INFO - The element  was clicked.
2017-07-04 21:30:13,059 - BasePage - INFO - Had find the element '  ' successful by xpath via value: /html/body/div/div[3]/div[1]/div[1]/div/div[2]/div[3]/a 
2017-07-04 21:30:15,081 - BasePage - INFO - The element  was clicked.
2017-07-04 21:30:17,174 - BasePage - INFO - The element ' 页面管理 ' was clicked.
2017-07-04 21:30:18,661 - BasePage - INFO - The element ' 列表展示 ' was clicked.
2017-07-04 21:30:19,326 - BasePage - INFO - The element ' 加载页 ' was clicked.
2017-07-04 21:30:19,730 - BasePage - INFO - The element ' 商品详情页 ' was clicked.
2017-07-04 21:30:20,177 - BasePage - INFO - The element ' 自定义页面 ' was clicked.
2017-07-04 21:30:20,322 - BasePage - INFO - The element ' 主页 ' was clicked.
