2017-07-25 23:35:33,359 - BrowserEngine - INFO - You had select Chrome browser.
2017-07-25 23:35:33,359 - BrowserEngine - INFO - The test server url is: http://bbm.ematong.com
2017-07-25 23:35:37,039 - BrowserEngine - INFO - Starting Chrome browser.
2017-07-25 23:35:40,507 - BrowserEngine - INFO - Open url: http://bbm.ematong.com
2017-07-25 23:35:41,680 - BrowserEngine - INFO - Maximize the current window.
2017-07-25 23:35:41,683 - BrowserEngine - INFO - Set implicitly wait 10 seconds.
2017-07-25 23:35:41,723 - BasePage - INFO - Had find the element '  ' successful by id via value: user2 
2017-07-25 23:35:41,776 - BasePage - INFO - Had type ' htest ' in inputBox
2017-07-25 23:35:41,808 - BasePage - INFO - Had find the element '  ' successful by id via value: password2 
2017-07-25 23:35:41,871 - BasePage - INFO - Had type ' hy2017 ' in inputBox
2017-07-25 23:35:41,911 - BasePage - INFO - Had find the element '  ' successful by id via value: yzm2 
2017-07-25 23:35:41,977 - BasePage - INFO - Had type ' HY7102$ ' in inputBox
2017-07-25 23:35:42,013 - BasePage - INFO - Had find the element '  ' successful by id via value: submit2 
2017-07-25 23:35:42,059 - BasePage - INFO - The element  was clicked.
2017-07-25 23:35:47,994 - BasePage - INFO - Had find the element '  ' successful by xpath via value: /html/body/div/div[3]/div[1]/div[1]/div/div[2]/div[3]/a 
2017-07-25 23:35:52,990 - BasePage - INFO - The element  was clicked.
2017-07-25 23:35:55,911 - BasePage - INFO - The element ' 商品管理 ' was clicked.
2017-07-25 23:35:57,000 - BasePage - INFO - The element ' 自建商品 ' was clicked.
2017-07-25 23:35:58,072 - BasePage - INFO - Had find the element ' 5 ' successful by xpath via value: //*[@id='statusCount0'] 
2017-07-25 23:35:58,082 - BasePage - INFO - element_text(xpath=>//*[@id='statusCount0']) is 5
2017-07-25 23:35:58,122 - BasePage - INFO - Had find the element ' 17 ' successful by xpath via value: //*[@id='statusCount1'] 
2017-07-25 23:35:58,132 - BasePage - INFO - element_text(xpath=>//*[@id='statusCount1']) is 17
2017-07-25 23:35:58,163 - BasePage - INFO - Had find the element ' 0 ' successful by xpath via value: //*[@id='statusCount4'] 
2017-07-25 23:35:58,173 - BasePage - INFO - element_text(xpath=>//*[@id='statusCount4']) is 0
2017-07-25 23:35:58,213 - BasePage - INFO - Had find the element ' 0 ' successful by xpath via value: //*[@id='statusCount2'] 
2017-07-25 23:35:58,223 - BasePage - INFO - element_text(xpath=>//*[@id='statusCount2']) is 0
