2017-07-26 21:37:06,668 - BrowserEngine - INFO - You had select Chrome browser.
2017-07-26 21:37:06,668 - BrowserEngine - INFO - The test server url is: http://bmtest.ematong.com
2017-07-26 21:37:10,283 - BrowserEngine - INFO - Starting Chrome browser.
2017-07-26 21:37:11,023 - BrowserEngine - INFO - Open url: http://bmtest.ematong.com
2017-07-26 21:37:12,174 - BrowserEngine - INFO - Maximize the current window.
2017-07-26 21:37:12,176 - BrowserEngine - INFO - Set implicitly wait 10 seconds.
2017-07-26 21:37:12,220 - BasePage - INFO - Had find the element '  ' successful by id via value: user2 
2017-07-26 21:37:12,273 - BasePage - INFO - Had type ' htest ' in inputBox
2017-07-26 21:37:12,308 - BasePage - INFO - Had find the element '  ' successful by id via value: password2 
2017-07-26 21:37:12,371 - BasePage - INFO - Had type ' 123456 ' in inputBox
2017-07-26 21:37:12,398 - BasePage - INFO - Had find the element '  ' successful by id via value: yzm2 
2017-07-26 21:37:12,467 - BasePage - INFO - Had type ' HY7102$ ' in inputBox
2017-07-26 21:37:12,497 - BasePage - INFO - Had find the element '  ' successful by id via value: submit2 
2017-07-26 21:37:12,538 - BasePage - INFO - The element  was clicked.
2017-07-26 21:37:14,569 - BasePage - INFO - Had take screenshot and save to folder : /screenshots
2017-07-26 21:37:15,611 - BasePage - INFO - Had find the element '  ' successful by xpath via value: /html/body/div/div[3]/div[1]/div[1]/div/div[2]/div[3]/a 
2017-07-26 21:37:17,358 - BasePage - INFO - The element  was clicked.
2017-07-26 21:37:18,448 - BasePage - INFO - Had find the element ' 0 ' successful by id via value: y_order 
2017-07-26 21:37:18,492 - BasePage - INFO - element_text(id=>y_order) is 0
2017-07-26 21:37:18,615 - BasePage - INFO - Had find the element ' 0 ' successful by id via value: y_amount 
2017-07-26 21:37:18,716 - BasePage - INFO - element_text(id=>y_amount) is 0
2017-07-26 21:37:18,846 - BasePage - INFO - Had find the element ' 12 ' successful by id via value: y_nosend 
2017-07-26 21:37:18,869 - BasePage - INFO - element_text(id=>y_nosend) is 12
2017-07-26 21:37:19,020 - BasePage - INFO - Had find the element ' 0 ' successful by id via value: y_wait 
2017-07-26 21:37:19,030 - BasePage - INFO - element_text(id=>y_wait) is 0
2017-07-26 21:37:19,104 - BasePage - INFO - Had find the element ' 2 ' successful by id via value: y_refund 
2017-07-26 21:37:19,114 - BasePage - INFO - element_text(id=>y_refund) is 2
2017-07-26 21:37:19,160 - BasePage - INFO - Had find the element ' 0 ' successful by id via value: y_order 
2017-07-26 21:37:19,595 - BasePage - INFO - The element  was clicked.
2017-07-26 21:37:23,927 - BasePage - INFO - The element  was clicked.
