2017-07-08 10:57:11,081 - BrowserEngine - INFO - You had select Chrome browser.
2017-07-08 10:57:11,081 - BrowserEngine - INFO - The test server url is: https://bmtest.ematong.com
2017-07-08 10:57:14,773 - BrowserEngine - INFO - Starting Chrome browser.
2017-07-08 10:57:15,532 - BrowserEngine - INFO - Open url: https://bmtest.ematong.com
2017-07-08 10:57:16,687 - BrowserEngine - INFO - Maximize the current window.
2017-07-08 10:57:16,688 - BrowserEngine - INFO - Set implicitly wait 10 seconds.
2017-07-08 10:57:16,732 - BasePage - INFO - Had find the element '  ' successful by id via value: user2 
2017-07-08 10:57:16,792 - BasePage - INFO - Had type ' htest ' in inputBox
2017-07-08 10:57:16,865 - BasePage - INFO - Had find the element '  ' successful by id via value: password2 
2017-07-08 10:57:16,994 - BasePage - INFO - Had type ' 123456 ' in inputBox
2017-07-08 10:57:17,022 - BasePage - INFO - Had find the element '  ' successful by id via value: submit2 
2017-07-08 10:57:17,062 - BasePage - INFO - The element  was clicked.
2017-07-08 10:57:19,101 - BasePage - INFO - Had find the element '  ' successful by xpath via value: /html/body/div/div[3]/div[1]/div[1]/div/div[2]/div[3]/a 
2017-07-08 10:57:21,164 - BasePage - INFO - The element  was clicked.
2017-07-08 10:57:23,668 - BasePage - INFO - The element ' 属性模板 ' was clicked.
2017-07-08 10:57:25,069 - BasePage - INFO - The element ' 模板列表 ' was clicked.
2017-07-08 10:57:25,392 - BasePage - INFO - The element ' 添加模板 ' was clicked.
2017-07-08 10:57:25,434 - BasePage - INFO - Had find the element ' 服装 ' successful by xpath via value: /html/body/contextpath/div/div[3]/div[1]/div[5]/span[3] 
2017-07-08 10:57:25,453 - BasePage - INFO - The element  was clicked.
2017-07-08 10:57:25,486 - BasePage - INFO - Had find the element ' 食品 ' successful by xpath via value: /html/body/contextpath/div/div[3]/div[1]/div[5]/span[4] 
2017-07-08 10:57:25,529 - BasePage - INFO - The element  was clicked.
2017-07-08 10:57:25,565 - BasePage - INFO - Had find the element ' 珠宝 ' successful by xpath via value: /html/body/contextpath/div/div[3]/div[1]/div[5]/span[5] 
2017-07-08 10:57:25,588 - BasePage - INFO - The element  was clicked.
2017-07-08 10:57:25,628 - BasePage - INFO - Had find the element ' 美鞋 ' successful by xpath via value: /html/body/contextpath/div/div[3]/div[1]/div[5]/span[6] 
2017-07-08 10:57:25,654 - BasePage - INFO - The element  was clicked.
2017-07-08 10:57:25,694 - BasePage - INFO - Had find the element ' 化妆品 ' successful by xpath via value: /html/body/contextpath/div/div[3]/div[1]/div[5]/span[7] 
2017-07-08 10:57:25,726 - BasePage - INFO - The element  was clicked.
2017-07-08 10:57:25,757 - BasePage - INFO - Had find the element ' 自定义 ' successful by xpath via value: /html/body/contextpath/div/div[3]/div[1]/div[5]/span[2] 
2017-07-08 10:57:25,778 - BasePage - INFO - The element  was clicked.
2017-07-08 10:57:25,815 - BasePage - INFO - Had find the element ' 添加 ' successful by id via value: addmodeltemplate 
2017-07-08 10:57:25,844 - BasePage - INFO - The element  was clicked.
2017-07-08 10:57:25,921 - BasePage - INFO - Had type ' seleniumA ' in inputBox
2017-07-08 10:57:25,950 - BasePage - INFO - Had find the element '  ' successful by xpath via value: //*[@id='zdy']/form/table/tbody/tr/td[2]/input[1] 
2017-07-08 10:57:25,999 - BasePage - INFO - Had type ' AAA ' in inputBox
2017-07-08 10:57:26,029 - BasePage - INFO - Had find the element '  ' successful by xpath via value: //*[@id='zdy']/form/table/tbody/tr/td[2]/input[2] 
2017-07-08 10:57:26,082 - BasePage - INFO - Had type ' BBB ' in inputBox
2017-07-08 10:57:26,112 - BasePage - INFO - Had find the element '  ' successful by xpath via value: //*[@id='zdy']/form/table/tbody/tr/td[2]/input[3] 
2017-07-08 10:57:26,174 - BasePage - INFO - Had type ' CCC ' in inputBox
2017-07-08 10:57:26,542 - BasePage - INFO - The element ' 模板列表 ' was clicked.
