2017-07-08 11:01:11,630 - BrowserEngine - INFO - You had select Chrome browser.
2017-07-08 11:01:11,630 - BrowserEngine - INFO - The test server url is: https://bmtest.ematong.com
2017-07-08 11:01:15,380 - BrowserEngine - INFO - Starting Chrome browser.
2017-07-08 11:01:16,171 - BrowserEngine - INFO - Open url: https://bmtest.ematong.com
2017-07-08 11:01:17,313 - BrowserEngine - INFO - Maximize the current window.
2017-07-08 11:01:17,316 - BrowserEngine - INFO - Set implicitly wait 10 seconds.
2017-07-08 11:01:17,375 - BasePage - INFO - Had find the element '  ' successful by id via value: user2 
2017-07-08 11:01:17,451 - BasePage - INFO - Had type ' htest ' in inputBox
2017-07-08 11:01:17,489 - BasePage - INFO - Had find the element '  ' successful by id via value: password2 
2017-07-08 11:01:17,558 - BasePage - INFO - Had type ' 123456 ' in inputBox
2017-07-08 11:01:17,599 - BasePage - INFO - Had find the element '  ' successful by id via value: submit2 
2017-07-08 11:01:17,635 - BasePage - INFO - The element  was clicked.
2017-07-08 11:01:19,667 - BasePage - INFO - Had find the element '  ' successful by xpath via value: /html/body/div/div[3]/div[1]/div[1]/div/div[2]/div[3]/a 
2017-07-08 11:01:21,798 - BasePage - INFO - The element  was clicked.
2017-07-08 11:01:24,407 - BasePage - INFO - The element ' 属性模板 ' was clicked.
2017-07-08 11:01:25,867 - BasePage - INFO - The element ' 模板列表 ' was clicked.
2017-07-08 11:01:26,217 - BasePage - INFO - The element ' 添加模板 ' was clicked.
2017-07-08 11:01:26,253 - BasePage - INFO - Had find the element ' 服装 ' successful by xpath via value: /html/body/contextpath/div/div[3]/div[1]/div[5]/span[3] 
2017-07-08 11:01:26,286 - BasePage - INFO - The element  was clicked.
2017-07-08 11:01:26,312 - BasePage - INFO - Had find the element ' 食品 ' successful by xpath via value: /html/body/contextpath/div/div[3]/div[1]/div[5]/span[4] 
2017-07-08 11:01:26,338 - BasePage - INFO - The element  was clicked.
2017-07-08 11:01:26,388 - BasePage - INFO - Had find the element ' 珠宝 ' successful by xpath via value: /html/body/contextpath/div/div[3]/div[1]/div[5]/span[5] 
2017-07-08 11:01:26,421 - BasePage - INFO - The element  was clicked.
2017-07-08 11:01:26,467 - BasePage - INFO - Had find the element ' 美鞋 ' successful by xpath via value: /html/body/contextpath/div/div[3]/div[1]/div[5]/span[6] 
2017-07-08 11:01:26,497 - BasePage - INFO - The element  was clicked.
2017-07-08 11:01:26,540 - BasePage - INFO - Had find the element ' 化妆品 ' successful by xpath via value: /html/body/contextpath/div/div[3]/div[1]/div[5]/span[7] 
2017-07-08 11:01:26,581 - BasePage - INFO - The element  was clicked.
2017-07-08 11:01:26,618 - BasePage - INFO - Had find the element ' 自定义 ' successful by xpath via value: /html/body/contextpath/div/div[3]/div[1]/div[5]/span[2] 
2017-07-08 11:01:26,653 - BasePage - INFO - The element  was clicked.
2017-07-08 11:01:26,688 - BasePage - INFO - Had find the element ' 添加 ' successful by id via value: addmodeltemplate 
2017-07-08 11:01:26,720 - BasePage - INFO - The element  was clicked.
2017-07-08 11:01:26,796 - BasePage - INFO - Had type ' seleniumA ' in inputBox
2017-07-08 11:01:26,825 - BasePage - INFO - Had find the element '  ' successful by xpath via value: //*[@id='zdy']/form/table/tbody/tr/td[2]/input[1] 
2017-07-08 11:01:26,882 - BasePage - INFO - Had type ' AAA ' in inputBox
2017-07-08 11:01:26,913 - BasePage - INFO - Had find the element '  ' successful by xpath via value: //*[@id='zdy']/form/table/tbody/tr/td[2]/input[2] 
2017-07-08 11:01:26,966 - BasePage - INFO - Had type ' BBB ' in inputBox
2017-07-08 11:01:26,993 - BasePage - INFO - Had find the element '  ' successful by xpath via value: //*[@id='zdy']/form/table/tbody/tr/td[2]/input[3] 
2017-07-08 11:01:27,055 - BasePage - INFO - Had type ' CCC ' in inputBox
2017-07-08 11:01:27,401 - BasePage - INFO - The element ' 模板列表 ' was clicked.
2017-07-08 11:01:28,467 - BasePage - INFO - Had find the element ' 编辑 ' successful by xpath via value: //*[@id='contentDiv']/div[1]/div/a[1] 
2017-07-08 11:01:28,756 - BasePage - INFO - The element  was clicked.
2017-07-08 11:01:28,799 - BasePage - INFO - Had find the element '  ' successful by xpath via value: //*[@id='edit']/form/table/tbody/tr/td[2]/input[3] 
2017-07-08 11:01:28,821 - BasePage - INFO - Clear text in input box before typing.
2017-07-08 11:01:28,835 - BasePage - INFO - Had find the element '  ' successful by xpath via value: //*[@id='edit']/form/table/tbody/tr/td[2]/input[3] 
2017-07-08 11:01:28,875 - BasePage - INFO - Had type ' DEF ' in inputBox
2017-07-08 11:01:39,944 - BasePage - ERROR - NoSuchElementException: Message: no such element: Unable to locate element: {"method":"xpath","selector":"//*[@id='zdy']/form/p/a[2]"}
  (Session info: chrome=55.0.2883.87)
  (Driver info: chromedriver=2.25.426923 (0390b88869384d6eb0d5d09729679f934aab9eed),platform=Windows NT 6.1.7601 SP1 x86_64)

2017-07-08 11:01:40,203 - BasePage - INFO - Had take screenshot and save to folder : /screenshots
