2017-07-08 21:24:54,085 - BrowserEngine - INFO - You had select Chrome browser.
2017-07-08 21:24:54,085 - BrowserEngine - INFO - The test server url is: https://bmtest.ematong.com
2017-07-08 21:24:57,796 - BrowserEngine - INFO - Starting Chrome browser.
2017-07-08 21:24:58,621 - BrowserEngine - INFO - Open url: https://bmtest.ematong.com
2017-07-08 21:24:59,769 - BrowserEngine - INFO - Maximize the current window.
2017-07-08 21:24:59,773 - BrowserEngine - INFO - Set implicitly wait 10 seconds.
2017-07-08 21:24:59,809 - BasePage - INFO - Had find the element '  ' successful by id via value: user2 
2017-07-08 21:24:59,861 - BasePage - INFO - Had type ' htest ' in inputBox
2017-07-08 21:24:59,891 - BasePage - INFO - Had find the element '  ' successful by id via value: password2 
2017-07-08 21:24:59,948 - BasePage - INFO - Had type ' 123456 ' in inputBox
2017-07-08 21:24:59,986 - BasePage - INFO - Had find the element '  ' successful by id via value: submit2 
2017-07-08 21:25:00,030 - BasePage - INFO - The element  was clicked.
2017-07-08 21:25:02,073 - BasePage - INFO - Had find the element '  ' successful by xpath via value: /html/body/div/div[3]/div[1]/div[1]/div/div[2]/div[3]/a 
2017-07-08 21:25:04,242 - BasePage - INFO - The element  was clicked.
2017-07-08 21:25:05,367 - BasePage - INFO - The element ' 时间模板 ' was clicked.
2017-07-08 21:25:06,651 - BasePage - INFO - Had find the element '  ' successful by id via value: default1 
2017-07-08 21:25:06,686 - BasePage - INFO - the checkbox is click.
2017-07-08 21:25:07,701 - BasePage - INFO - Had find the element '  ' successful by id via value: default1 
2017-07-08 21:25:07,721 - BasePage - INFO - the checkbox is cancel.
2017-07-08 21:25:07,759 - BasePage - INFO - Had find the element '  ' successful by id via value: exptype1 
2017-07-08 21:25:07,782 - BasePage - INFO - The element  was clicked.
2017-07-08 21:25:07,816 - BasePage - INFO - Had find the element ' 购买第三日起 ' successful by xpath via value: //*[@id='beforegd1']/option[3] 
2017-07-08 21:25:07,841 - BasePage - INFO - The element  was clicked.
2017-07-08 21:25:07,900 - BasePage - INFO - Had type ' 9 ' in inputBox
2017-07-08 21:25:08,936 - BasePage - INFO - Had find the element '  ' successful by id via value: exptype2 
2017-07-08 21:25:08,971 - BasePage - INFO - The element  was clicked.
2017-07-08 21:25:09,000 - BasePage - INFO - Had find the element ' 购买第五日起 ' successful by xpath via value: //*[@id='beforegd2']/option[5] 
2017-07-08 21:25:09,022 - BasePage - INFO - The element  was clicked.
2017-07-08 21:25:09,122 - BasePage - INFO - Had type ' 2017-08-12 ' in inputBox
2017-07-08 21:25:10,165 - BasePage - INFO - Had find the element '  ' successful by id via value: exptype3 
2017-07-08 21:25:10,206 - BasePage - INFO - The element  was clicked.
2017-07-08 21:25:10,242 - BasePage - INFO - Had find the element '  ' successful by id via value: startexpire 
2017-07-08 21:25:10,305 - BasePage - INFO - Had type ' 2017-07-15 ' in inputBox
2017-07-08 21:25:10,338 - BasePage - INFO - Had find the element '  ' successful by id via value: endexpire 
2017-07-08 21:25:10,408 - BasePage - INFO - Had type ' 2017-08-30 ' in inputBox
2017-07-08 21:25:11,467 - BasePage - INFO - Had find the element '  ' successful by id via value: buytime-check 
2017-07-08 21:25:11,519 - BasePage - INFO - the checkbox is click.
2017-07-08 21:25:11,599 - BasePage - INFO - Had type ' 20:35 ' in inputBox
2017-07-08 21:25:12,635 - BasePage - INFO - Had find the element '  ' successful by id via value: buytime-check 
2017-07-08 21:25:12,696 - BasePage - INFO - the checkbox is cancel.
2017-07-08 21:25:12,815 - BasePage - INFO - Had type ' 08:00 ' in inputBox
2017-07-08 21:25:12,895 - BasePage - INFO - Had type ' 12:35 ' in inputBox
2017-07-08 21:25:12,924 - BasePage - INFO - Had find the element ' 添加时间段 ' successful by id via value: addTime1 
2017-07-08 21:25:12,950 - BasePage - INFO - The element  was clicked.
2017-07-08 21:25:14,012 - BasePage - INFO - Had type ' 14:55 ' in inputBox
2017-07-08 21:25:14,052 - BasePage - INFO - Had type ' 19:00 ' in inputBox
2017-07-08 21:25:14,068 - BasePage - INFO - Had find the element ' 添加时间段 ' successful by id via value: addTime1 
2017-07-08 21:25:14,085 - BasePage - INFO - The element  was clicked.
2017-07-08 21:25:19,108 - BasePage - INFO - Had find the element ' 保存 ' successful by xpath via value: //*[@id='deliveryTime']/p/button 
2017-07-08 21:25:19,155 - BasePage - INFO - The element  was clicked.
