2017-07-25 20:50:17,611 - BrowserEngine - INFO - You had select Chrome browser.
2017-07-25 20:50:17,611 - BrowserEngine - INFO - The test server url is: http://bbm.ematong.com
2017-07-25 20:50:21,358 - BrowserEngine - INFO - Starting Chrome browser.
2017-07-25 20:50:24,845 - BrowserEngine - INFO - Open url: http://bbm.ematong.com
2017-07-25 20:50:26,012 - BrowserEngine - INFO - Maximize the current window.
2017-07-25 20:50:26,015 - BrowserEngine - INFO - Set implicitly wait 10 seconds.
2017-07-25 20:50:26,058 - BasePage - INFO - Had find the element '  ' successful by id via value: user2 
2017-07-25 20:50:26,115 - BasePage - INFO - Had type ' htest ' in inputBox
2017-07-25 20:50:26,145 - BasePage - INFO - Had find the element '  ' successful by id via value: password2 
2017-07-25 20:50:26,210 - BasePage - INFO - Had type ' hy2017 ' in inputBox
2017-07-25 20:50:26,246 - BasePage - INFO - Had find the element '  ' successful by id via value: yzm2 
2017-07-25 20:50:26,302 - BasePage - INFO - Had type ' HY7102$ ' in inputBox
2017-07-25 20:50:26,338 - BasePage - INFO - Had find the element '  ' successful by id via value: submit2 
2017-07-25 20:50:26,382 - BasePage - INFO - The element  was clicked.
2017-07-25 20:50:32,177 - BasePage - INFO - Had find the element '  ' successful by xpath via value: /html/body/div/div[3]/div[1]/div[1]/div/div[2]/div[3]/a 
2017-07-25 20:50:35,196 - BasePage - INFO - The element  was clicked.
2017-07-25 20:50:38,676 - BasePage - INFO - The element ' 商品管理 ' was clicked.
2017-07-25 20:50:43,028 - BasePage - INFO - The element ' 发布商品 ' was clicked.
2017-07-25 20:50:43,112 - BasePage - INFO - Had find the element ' 运动健康 ' successful by xpath via value: //*[@id='category1']/p[3] 
2017-07-25 20:50:43,141 - BasePage - INFO - The element  was clicked.
2017-07-25 20:50:43,296 - BasePage - INFO - Had find the element ' 运动服饰 ' successful by xpath via value: //*[@id='category2']/p[2] 
2017-07-25 20:50:43,328 - BasePage - INFO - The element  was clicked.
2017-07-25 20:50:43,517 - BasePage - INFO - Had find the element ' 运动套装 ' successful by xpath via value: //*[@id='category3']/p[1] 
2017-07-25 20:50:43,565 - BasePage - INFO - The element  was clicked.
2017-07-25 20:50:43,602 - BasePage - INFO - Had find the element '                         选择商品类别
                        
                            实体商品
                        
                            虚拟商品
                        
                     ' successful by id via value: selectGoodsType1 
2017-07-25 20:50:43,667 - BasePage - INFO - The select  was clicked.
2017-07-25 20:50:44,740 - BasePage - INFO - Had find the element ' 选择商品类别
储值卡
券 ' successful by id via value: selectGoodsType2 
2017-07-25 20:50:44,788 - BasePage - INFO - The select  was clicked.
2017-07-25 20:50:44,816 - BasePage - INFO - Had find the element '  ' successful by id via value: add_goodsname 
2017-07-25 20:50:44,976 - BasePage - INFO - Had type ' python自动创建代金券2017_07_25_20_50_17 ' in inputBox
2017-07-25 20:50:45,019 - BasePage - INFO - Had find the element '  ' successful by id via value: add_goodsCode 
2017-07-25 20:50:45,095 - BasePage - INFO - Had type ' goods_code ' in inputBox
2017-07-25 20:50:45,135 - BasePage - INFO - Had find the element '  ' successful by xpath via value: //*[@id='upload_ls']/dd[1]/div[1]/img[2] 
2017-07-25 20:50:45,460 - BasePage - INFO - The element  was clicked.
2017-07-25 20:50:46,615 - BasePage - INFO - The element ' 图库选择 ' was clicked.
2017-07-25 20:50:47,704 - BasePage - INFO - Had find the element '  ' successful by xpath via value: //*[@id='upload-list']/div[1]/div[1]/img 
2017-07-25 20:50:47,813 - BasePage - INFO - The element  was clicked.
2017-07-25 20:50:48,881 - BasePage - INFO - Had find the element ' 确定 ' successful by xpath via value: /html/body/div[4]/div[2]/a[1] 
2017-07-25 20:50:48,928 - BasePage - INFO - The element  was clicked.
2017-07-25 20:50:48,980 - BasePage - INFO - Had find the element '  ' successful by id via value: add_remark 
2017-07-25 20:50:49,043 - BasePage - INFO - Had type ' 这里是商品描述 ' in inputBox
2017-07-25 20:50:50,117 - BasePage - INFO - Had find the element '  ' successful by xpath via value: //*[@id='ejsxTb2']/tbody/tr/td[1]/input 
2017-07-25 20:50:50,210 - BasePage - INFO - Had type ' 111 ' in inputBox
2017-07-25 20:50:50,255 - BasePage - INFO - Had find the element '  ' successful by xpath via value: //*[@id='ejsxTb2']/tbody/tr/td[2]/input 
2017-07-25 20:50:50,312 - BasePage - INFO - Had type ' 222 ' in inputBox
2017-07-25 20:50:50,348 - BasePage - INFO - Had find the element '  ' successful by xpath via value: //*[@id='ejsxTb2']/tbody/tr/td[5]/input 
2017-07-25 20:50:50,404 - BasePage - INFO - Had type ' 555 ' in inputBox
2017-07-25 20:50:51,776 - BasePage - INFO - The element ' 点击选择 ' was clicked.
2017-07-25 20:51:02,868 - BasePage - ERROR - NoSuchElementException: Message: no such element: Unable to locate element: {"method":"xpath","selector":"//*[@id='a38a167c-a290-408f-8a16-7ca290808f1b']/td[5]/a"}
  (Session info: chrome=55.0.2883.87)
  (Driver info: chromedriver=2.25.426923 (0390b88869384d6eb0d5d09729679f934aab9eed),platform=Windows NT 6.1.7601 SP1 x86_64)

2017-07-25 20:51:03,115 - BasePage - INFO - Had take screenshot and save to folder : /screenshots
