2017-07-27 20:41:26,158 - BrowserEngine - INFO - You had select Chrome browser.
2017-07-27 20:41:26,158 - BrowserEngine - INFO - The test server url is: http://bmtest.ematong.com
2017-07-27 20:41:29,805 - BrowserEngine - INFO - Starting Chrome browser.
2017-07-27 20:41:30,549 - BrowserEngine - INFO - Open url: http://bmtest.ematong.com
2017-07-27 20:41:31,710 - BrowserEngine - INFO - Maximize the current window.
2017-07-27 20:41:31,717 - BrowserEngine - INFO - Set implicitly wait 10 seconds.
2017-07-27 20:41:31,763 - BasePage - INFO - Had find the element '  ' successful by id via value: user2 
2017-07-27 20:41:31,822 - BasePage - INFO - Had type ' htest ' in inputBox
2017-07-27 20:41:31,855 - BasePage - INFO - Had find the element '  ' successful by id via value: password2 
2017-07-27 20:41:31,917 - BasePage - INFO - Had type ' 123456 ' in inputBox
2017-07-27 20:41:31,954 - BasePage - INFO - Had find the element '  ' successful by id via value: yzm2 
2017-07-27 20:41:32,007 - BasePage - INFO - Had type ' HY7102$ ' in inputBox
2017-07-27 20:41:32,043 - BasePage - INFO - Had find the element '  ' successful by id via value: submit2 
2017-07-27 20:41:32,092 - BasePage - INFO - The element  was clicked.
2017-07-27 20:41:34,121 - BasePage - INFO - Had find the element '  ' successful by xpath via value: /html/body/div/div[3]/div[1]/div[1]/div/div[2]/div[3]/a 
2017-07-27 20:41:36,072 - BasePage - INFO - The element  was clicked.
2017-07-27 20:41:38,387 - BasePage - INFO - The element ' 分类管理 ' was clicked.
2017-07-27 20:41:39,471 - BasePage - INFO - The element ' 添加新分类 ' was clicked.
2017-07-27 20:41:40,556 - BasePage - INFO - Had find the element '  ' successful by xpath via value: //*[@id='saveForm']/table/tbody[1]/tr[1]/td[1]/img[1] 
2017-07-27 20:41:40,611 - BasePage - INFO - The element  was clicked.
2017-07-27 20:41:40,653 - BasePage - INFO - Had find the element '  ' successful by xpath via value: //*[@id='saveForm']/table/tbody[2]/tr[1]/td[1]/img[1] 
